<?xml version="1.0" encoding="UTF-8"?>
<!-- Generated by org.testng.reporters.JUnitReportReporter -->
<testsuite hostname="01HW510223" name="com.dakinfotecz.pwcm.Sprint108" tests="3" failures="0" timestamp="18 May 2016 12:39:15 GMT" time="27.269" errors="0">
  <testcase name="test3" time="13.795" classname="com.dakinfotecz.pwcm.Sprint108"/>
  <testcase name="test2" time="0.217" classname="com.dakinfotecz.pwcm.Sprint108"/>
  <testcase name="test1" time="13.257" classname="com.dakinfotecz.pwcm.Sprint108"/>
</testsuite> <!-- com.dakinfotecz.pwcm.Sprint108 -->
