<?xml version="1.0" encoding="UTF-8"?>
<!-- Generated by org.testng.reporters.JUnitReportReporter -->
<testsuite hostname="Mukil" name="com.dakinfotech.Prototype.Sprint110" tests="3" failures="0" timestamp="14 May 2016 18:58:41 GMT" time="0.404" errors="0">
  <testcase name="test5" time="0.201" classname="com.dakinfotech.Prototype.Sprint110"/>
  <testcase name="test4" time="0.109" classname="com.dakinfotech.Prototype.Sprint110"/>
  <testcase name="test6" time="0.094" classname="com.dakinfotech.Prototype.Sprint110"/>
</testsuite> <!-- com.dakinfotech.Prototype.Sprint110 -->
