<?xml version="1.0" encoding="UTF-8"?>
<!-- Generated by org.testng.reporters.JUnitReportReporter -->
<testsuite hostname="Mukil" name="com.dakinfotech.Prototype.Sprint108" tests="3" failures="0" timestamp="15 May 2016 11:02:43 GMT" time="19.650" errors="0">
  <testcase name="test1" time="10.356" classname="com.dakinfotech.Prototype.Sprint108"/>
  <testcase name="test2" time="0.294" classname="com.dakinfotech.Prototype.Sprint108"/>
  <testcase name="test3" time="9.000" classname="com.dakinfotech.Prototype.Sprint108"/>
</testsuite> <!-- com.dakinfotech.Prototype.Sprint108 -->
