<?xml version="1.0" encoding="UTF-8"?>
<!-- Generated by org.testng.reporters.JUnitReportReporter -->
<testsuite hostname="Mukil" name="com.dakinfotech.Prototype.Sprint110" tests="1" failures="0" timestamp="15 May 2016 11:02:43 GMT" time="17.014" errors="0">
  <testcase name="test4" time="17.014" classname="com.dakinfotech.Prototype.Sprint110"/>
</testsuite> <!-- com.dakinfotech.Prototype.Sprint110 -->
