<?xml version="1.0" encoding="UTF-8"?>
<!-- Generated by org.testng.reporters.JUnitReportReporter -->
<testsuite hostname="Mukil" name="com.dakinfotech.Prototype.Sprint108" tests="3" failures="0" timestamp="14 May 2016 18:58:41 GMT" time="1.048" errors="0">
  <testcase name="test3" time="0.125" classname="com.dakinfotech.Prototype.Sprint108"/>
  <testcase name="test1" time="0.673" classname="com.dakinfotech.Prototype.Sprint108"/>
  <testcase name="test2" time="0.250" classname="com.dakinfotech.Prototype.Sprint108"/>
</testsuite> <!-- com.dakinfotech.Prototype.Sprint108 -->
