<?xml version="1.0" encoding="UTF-8"?>
<!-- Generated by org.testng.reporters.JUnitReportReporter -->
<testsuite hostname="Mukil" name="com.dakinfotech.Prototype.Openreports" tests="1" failures="0" timestamp="15 May 2016 11:02:43 GMT" time="8.851" errors="0">
  <testcase name="Advreport" time="8.851" classname="com.dakinfotech.Prototype.Openreports"/>
</testsuite> <!-- com.dakinfotech.Prototype.Openreports -->
