<?xml version="1.0" encoding="UTF-8"?>
<!-- Generated by org.testng.reporters.JUnitReportReporter -->
<testsuite hostname="Mukil" name="com.dakinfotech.PWCMPack.Sprint108" tests="2" failures="0" timestamp="14 May 2016 05:16:08 GMT" time="20.644" errors="0">
  <testcase name="Homepage" time="10.530" classname="com.dakinfotech.PWCMPack.Sprint108"/>
  <testcase name="Register" time="10.114" classname="com.dakinfotech.PWCMPack.Sprint108"/>
</testsuite> <!-- com.dakinfotech.PWCMPack.Sprint108 -->
