<?xml version="1.0" encoding="UTF-8"?>
<!-- Generated by org.testng.reporters.JUnitReportReporter -->
<testsuite hostname="01HW510223" name="com.dakinfotecz.pwcm.Sprint110" tests="1" failures="0" timestamp="18 May 2016 12:01:59 GMT" time="46.421" errors="0">
  <testcase name="test4" time="46.421" classname="com.dakinfotecz.pwcm.Sprint110"/>
</testsuite> <!-- com.dakinfotecz.pwcm.Sprint110 -->
