<?xml version="1.0" encoding="UTF-8"?>
<!-- Generated by org.testng.reporters.JUnitReportReporter -->
<testsuite hostname="01HW510223" name="com.dakinfotecz.pwcm.Sprint108" tests="3" failures="0" timestamp="18 May 2016 12:01:59 GMT" time="33.596" errors="0">
  <testcase name="test3" time="16.989" classname="com.dakinfotecz.pwcm.Sprint108"/>
  <testcase name="test2" time="0.169" classname="com.dakinfotecz.pwcm.Sprint108"/>
  <testcase name="test1" time="16.438" classname="com.dakinfotecz.pwcm.Sprint108"/>
</testsuite> <!-- com.dakinfotecz.pwcm.Sprint108 -->
