<?xml version="1.0" encoding="UTF-8"?>
<!-- Generated by org.testng.reporters.JUnitReportReporter -->
<testsuite hostname="01HW510223" name="com.dakinfotecz.pwcm.Openreports" tests="1" failures="0" timestamp="18 May 2016 12:01:59 GMT" time="29.617" errors="0">
  <testcase name="Advreport" time="29.617" classname="com.dakinfotecz.pwcm.Openreports"/>
</testsuite> <!-- com.dakinfotecz.pwcm.Openreports -->
